MPASM  5.51             TRIALERRORPROJECT.ASM   11-27-2020  22:56:33         PAGE  1


LOC  OBJECT CODE     LINE SOURCE TEXT
  VALUE

                      00001 #include<p18F4550.inc>
                      00001         LIST
                      00002 
                      00003 ;==========================================================================
                      00004 ;  MPASM PIC18F4550 processor include
                      00005 ; 
                      00006 ;  (c) Copyright 1999-2013 Microchip Technology, All rights reserved
                      00007 ;==========================================================================
                      00008 
                      01764         LIST
                      00002 
  00000000            00003 loop_cnt1               set     0x00
  00000001            00004 loop_cnt2               set     0x01
                      00005 
  00000F82            00006 LCD_CONTROL             equ PORTC
                      00007 
000000                00008                                 org 0x00
000000 EF0D F000      00009                                 goto start
000008                00010                                 org 0x08
000008 0010           00011                                 retfie
000018                00012                                 org 0x18
000018 0010           00013                                 retfie
                      00014 
                      00015 dup_nop                 macro   kk
                      00016                                 variable        i
                      00017 
                      00018 i=0
                      00019                                 while i <       kk
                      00020                                 nop
                      00021 i+=1
                      00022                                 endw
                      00023                                 endm
                      00024 
                      00025 
                      00026 ;************************************ Main Program ************************************************;
                      00027 
00001A 6A94           00028 start                   CLRF    TRISC,A;Configure TRISD as an output
00001C 6A95           00029                                 CLRF    TRISD,A
00001E 6893           00030                                 SETF    TRISB,A ;Configure TRISB as an output
000020 9893           00031                                 BCF     TRISB, 4, A
000022 9A93           00032                                 BCF     TRISB, 5, A ;Configure Pin 4,5,6,7 as output
000024 9C93           00033                                 BCF     TRISB, 6, A
000026 9E93           00034                                 BCF     TRISB, 7, A
000028 6892           00035                                 SETF    TRISA,A
                      00036 
00002A EC37 F001      00037                                 CALL    CONFG_LCD1      
                      00038         
00002E B081           00039 CHECK                   BTFSC   PORTB,0,A
000030 D0C4           00040                                 BRA             SHOWNAME                                                
                                                                    ;push button1           
000032 6A83           00041                                 CLRF    PORTD,A
                      00042 
000034 B281           00043 CHECK1                  BTFSC   PORTB,1,A
MPASM  5.51             TRIALERRORPROJECT.ASM   11-27-2020  22:56:33         PAGE  2


LOC  OBJECT CODE     LINE SOURCE TEXT
  VALUE

000036 D0EB           00044                                 BRA             SHOWID
000038 6A83           00045                                 CLRF    PORTD,A                                                         
                                                            ;Push Button2
                      00046 
00003A EC95 F000      00047                                 CALL    KEY1
00003E EC9B F000      00048                                 CALL    KEY2
000042 ECA1 F000      00049                                 CALL    KEY3
000046 ECA7 F000      00050                                 CALL    KEY4
00004A ECAD F000      00051                                 CALL    KEY5
00004E ECB3 F000      00052                                 CALL    KEY6
000052 ECB9 F000      00053                                 CALL    KEY7
000056 ECBF F000      00054                                 CALL    KEY8
00005A ECC5 F000      00055                                 CALL    KEY9
00005E ECCB F000      00056                                 CALL    KEYSTAR
000062 ECD1 F000      00057                                 CALL    KEY0
000066 ECD7 F000      00058                                 CALL    KEY#
                      00059 
                      00060 ;**************************** Subroutine For Display KEYPAD Button *************************************
                            ***********;
                      00061 
00006A 0EC0           00062 SHOW1                   MOVLW 0xC0                      
00006C 6E83           00063                                 MOVWF PORTD,A   
00006E 0E31           00064                                 MOVLW   D'49'
000070 6E83           00065                                 MOVWF   PORTD,A ;Show 1
000072 EC30 F001      00066                                 CALL    WriteDATA
000076 D7DB           00067                                 BRA             CHECK   
000078 0012           00068                                 RETURN                          
                      00069 
00007A 0EC0           00070 SHOW2                   MOVLW 0xC0                      
00007C 6E83           00071                                 MOVWF PORTD,A
00007E 0E32           00072                                 MOVLW   D'50'
000080 6E83           00073                                 MOVWF   PORTD,A ;Show 2
000082 EC30 F001      00074                                 CALL    WriteDATA
000086 D7D3           00075                                 BRA             CHECK           
000088 0012           00076                                 RETURN          
                      00077 
00008A 0EC0           00078 SHOW3                   MOVLW 0xC0                      
00008C 6E83           00079                                 MOVWF PORTD,A
00008E 0E33           00080                                 MOVLW   D'51'
000090 6E83           00081                                 MOVWF   PORTD,A ;Show 3
000092 EC30 F001      00082                                 CALL    WriteDATA       
000096 D7CB           00083                                 BRA             CHECK
000098 0012           00084                                 RETURN          
                      00085 
00009A 0EC0           00086 SHOW4                   MOVLW 0xC0                      
00009C 6E83           00087                                 MOVWF PORTD,A
00009E 0E34           00088                                 MOVLW   D'52'
0000A0 6E83           00089                                 MOVWF   PORTD,A ;Show 4
0000A2 EC30 F001      00090                                 CALL    WriteDATA       
0000A6 D7C3           00091                                 BRA             CHECK
0000A8 0012           00092                                 RETURN          
                      00093 
0000AA 0EC0           00094 SHOW5                   MOVLW 0xC0                      
MPASM  5.51             TRIALERRORPROJECT.ASM   11-27-2020  22:56:33         PAGE  3


LOC  OBJECT CODE     LINE SOURCE TEXT
  VALUE

0000AC 6E83           00095                                 MOVWF PORTD,A
0000AE 0E35           00096                                 MOVLW   D'53'
0000B0 6E83           00097                                 MOVWF   PORTD,A ;Show 5
0000B2 EC30 F001      00098                                 CALL    WriteDATA       
0000B6 D7BB           00099                                 BRA             CHECK
0000B8 0012           00100                                 RETURN          
                      00101 
0000BA 0EC0           00102 SHOW6                   MOVLW 0xC0                      
0000BC 6E83           00103                                 MOVWF PORTD,A
0000BE 0E36           00104                                 MOVLW   D'54'
0000C0 6E83           00105                                 MOVWF   PORTD,A ;Show 6
0000C2 EC30 F001      00106                                 CALL    WriteDATA
0000C6 D7B3           00107                                 BRA             CHECK           
0000C8 0012           00108                                 RETURN          
                      00109 
0000CA 0EC0           00110 SHOW7                   MOVLW 0xC0                      
0000CC 6E83           00111                                 MOVWF PORTD,A
0000CE 0E37           00112                                 MOVLW   D'55'
0000D0 6E83           00113                                 MOVWF   PORTD,A ;Show 7
0000D2 EC30 F001      00114                                 CALL    WriteDATA       
0000D6 D7AB           00115                                 BRA             CHECK
0000D8 0012           00116                                 RETURN          
                      00117 
0000DA 0EC0           00118 SHOW8                   MOVLW 0xC0                      
0000DC 6E83           00119                                 MOVWF PORTD,A
0000DE 0E38           00120                                 MOVLW   D'56'
0000E0 6E83           00121                                 MOVWF   PORTD,A ;Show 8
0000E2 EC30 F001      00122                                 CALL    WriteDATA
0000E6 D7A3           00123                                 BRA             CHECK   
0000E8 0012           00124                                 RETURN          
                      00125 
0000EA 0EC0           00126 SHOW9                   MOVLW 0xC0                      
0000EC 6E83           00127                                 MOVWF PORTD,A
0000EE 0E39           00128                                 MOVLW   D'57'
0000F0 6E83           00129                                 MOVWF   PORTD,A ;Show 9
0000F2 EC30 F001      00130                                 CALL    WriteDATA       
0000F6 D79B           00131                                 BRA             CHECK
0000F8 0012           00132                                 RETURN          
                      00133 
0000FA 0EC0           00134 SHOWStar                MOVLW 0xC0                      
0000FC 6E83           00135                                 MOVWF PORTD,A
0000FE 0E2A           00136                                 MOVLW   D'42'
000100 6E83           00137                                 MOVWF   PORTD,A ;Show *
000102 EC30 F001      00138                                 CALL    WriteDATA
000106 D793           00139                                 BRA             CHECK   
000108 0012           00140                                 RETURN          
                      00141 
00010A 0EC0           00142 SHOW0                   MOVLW 0xC0                      
00010C 6E83           00143                                 MOVWF PORTD,A
00010E 0E30           00144                                 MOVLW   D'48'
000110 6E83           00145                                 MOVWF   PORTD,A ;Show 0
000112 EC30 F001      00146                                 CALL    WriteDATA
000116 D78B           00147                                 BRA             CHECK   
MPASM  5.51             TRIALERRORPROJECT.ASM   11-27-2020  22:56:33         PAGE  4


LOC  OBJECT CODE     LINE SOURCE TEXT
  VALUE

000118 0012           00148                                 RETURN          
                      00149 
00011A 0EC0           00150 SHOW#                   MOVLW 0xC0                      
00011C 6E83           00151                                 MOVWF PORTD,A
00011E 0E23           00152                                 MOVLW   D'35'
000120 6E83           00153                                 MOVWF   PORTD,A ;Show #
000122 EC30 F001      00154                                 CALL    WriteDATA
000126 D783           00155                                 BRA             CHECK                                           
000128 0012           00156                                 RETURN
                      00157 
                      00158 ;**************************** Subroutine For PRessing KEYPAD At LCD  ***********************************
                            *************;  
                      00159 
00012A 6A81           00160 KEY1            CLRF  PORTB, A
00012C 8881           00161                                 BSF   PORTB, 4, A
00012E B880           00162                                 BTFSC PORTA, 4, A       
000130 D79C           00163                                 BRA   SHOW1
000132 6A83           00164                                 CLRF  PORTD, A
000134 0012           00165                                 RETURN
                      00166 
000136 6A81           00167 KEY2            CLRF  PORTB, A
000138 8881           00168                                 BSF   PORTB, 4, A
00013A B481           00169                                 BTFSC PORTB, 2, A
00013C D79E           00170                                 BRA   SHOW2
00013E 6A83           00171                                 CLRF  PORTD, A
000140 0012           00172                                 RETURN
                      00173 
000142 6A81           00174 KEY3            CLRF  PORTB, A
000144 8881           00175                                 BSF   PORTB, 4, A
000146 B681           00176                                 BTFSC PORTB, 3, A
000148 D7A0           00177                                 BRA   SHOW3
00014A 6A83           00178                                 CLRF  PORTD, A
00014C 0012           00179                                 RETURN
                      00180 
00014E 6A81           00181 KEY4            CLRF  PORTB, A
000150 8A81           00182                                 BSF   PORTB, 5, A
000152 B880           00183                                 BTFSC PORTA, 4, A       
000154 D7A2           00184                                 BRA   SHOW4
000156 6A83           00185                                 CLRF  PORTD, A
000158 0012           00186                                 RETURN
                      00187 
00015A 6A81           00188 KEY5            CLRF  PORTB, A
00015C 8A81           00189                                 BSF   PORTB, 5, A
00015E B481           00190                                 BTFSC PORTB, 2, A
000160 D7A4           00191                                 BRA   SHOW5
000162 6A83           00192                                 CLRF  PORTD, A
000164 0012           00193                                 RETURN
                      00194 
000166 6A81           00195 KEY6            CLRF  PORTB, A
000168 8A81           00196                                 BSF   PORTB, 5, A
00016A B681           00197                                 BTFSC PORTB, 3, A
00016C D7A6           00198                                 BRA   SHOW6
00016E 6A83           00199                                 CLRF  PORTD, A
MPASM  5.51             TRIALERRORPROJECT.ASM   11-27-2020  22:56:33         PAGE  5


LOC  OBJECT CODE     LINE SOURCE TEXT
  VALUE

000170 0012           00200                                 RETURN
                      00201 
000172 6A81           00202 KEY7            CLRF  PORTB, A
000174 8C81           00203                                 BSF   PORTB, 6, A
000176 B880           00204                                 BTFSC PORTA, 4, A
000178 D7A8           00205                                 BRA   SHOW7
00017A 6A83           00206                                 CLRF  PORTD, A
00017C 0012           00207                                 RETURN
                      00208 
00017E 6A81           00209 KEY8            CLRF  PORTB, A
000180 8C81           00210                                 BSF   PORTB, 6, A
000182 B481           00211                                 BTFSC PORTB, 2, A
000184 D7AA           00212                                 BRA   SHOW8
000186 6A83           00213                                 CLRF  PORTD, A
000188 0012           00214                                 RETURN
                      00215 
00018A 6A81           00216 KEY9                    CLRF  PORTB, A
00018C 8C81           00217                                 BSF   PORTB, 6, A
00018E B681           00218                                 BTFSC PORTB, 3, A
000190 D7AC           00219                                 BRA   SHOW9
000192 6A83           00220                                 CLRF  PORTD, A
000194 0012           00221                                 RETURN
                      00222 
000196 6A81           00223 KEYSTAR         CLRF  PORTB, A
000198 8E81           00224                                 BSF   PORTB, 7, A
00019A B880           00225                                 BTFSC PORTA, 4, A
00019C D7AE           00226                                 BRA   SHOWStar
00019E 6A83           00227                                 CLRF  PORTD, A
0001A0 0012           00228                                 RETURN
                      00229 
0001A2 6A81           00230 KEY0                    CLRF  PORTB, A
0001A4 8E81           00231                                 BSF   PORTB, 7, A
0001A6 B481           00232                                 BTFSC PORTB, 2, A
0001A8 D7B0           00233                                 BRA   SHOW0
0001AA 6A83           00234                                 CLRF  PORTD, A
0001AC 0012           00235                                 RETURN
                      00236                         
0001AE 6A81           00237 KEY#                    CLRF  PORTB, A
0001B0 8E81           00238                                 BSF   PORTB, 7, A
0001B2 B681           00239                                 BTFSC PORTB, 3, A
0001B4 D7B2           00240                                 BRA   SHOW#
0001B6 6A83           00241                                 CLRF  PORTD, A
0001B8 0012           00242                                 RETURN
                      00243 
                      00244 
                      00245 
                      00246 
                      00247 ;***************** Subroutine To Show Name In LCD ********************************;
                      00248 
0001BA 0E42           00249 SHOWNAME                MOVLW   D'66'
0001BC 6E83           00250                                 MOVWF   PORTD,A ;Show B
0001BE EC30 F001      00251                                 CALL    WriteDATA
                      00252 
MPASM  5.51             TRIALERRORPROJECT.ASM   11-27-2020  22:56:33         PAGE  6


LOC  OBJECT CODE     LINE SOURCE TEXT
  VALUE

0001C2 0E41           00253                                 MOVLW   D'65'
0001C4 6E83           00254                                 MOVWF   PORTD,A ; Show A
0001C6 EC30 F001      00255                                 CALL    WriteDATA
                      00256 
0001CA 0E54           00257                                 MOVLW   D'84'
0001CC 6E83           00258                                 MOVWF   PORTD,A ; SHOW T
0001CE EC30 F001      00259                                 CALL    WriteDATA
                      00260 
0001D2 0E52           00261                                 MOVLW   D'82'
0001D4 6E83           00262                                 MOVWF   PORTD,A ;SHOW R
0001D6 EC30 F001      00263                                 CALL    WriteDATA
                      00264 
0001DA 0E49           00265                                 MOVLW   D'73'
0001DC 6E83           00266                                 MOVWF   PORTD,A ;SHOW I
0001DE EC30 F001      00267                                 CALL    WriteDATA
                      00268         
0001E2 0E53           00269                                 MOVLW   D'83'
0001E4 6E83           00270                                 MOVWF   PORTD,A ;SHOW S
0001E6 EC30 F001      00271                                 CALL    WriteDATA
                      00272         
0001EA 0E59           00273                                 MOVLW   D'89'
0001EC 6E83           00274                                 MOVWF   PORTD,A ;SHOW Y
0001EE EC30 F001      00275                                 CALL    WriteDATA
                      00276 
0001F2 0E49           00277                                 MOVLW   D'73'
0001F4 6E83           00278                                 MOVWF   PORTD,A ;SHOW I
0001F6 EC30 F001      00279                                 CALL    WriteDATA
                      00280 
0001FA 0E41           00281                                 MOVLW   D'65'
0001FC 6E83           00282                                 MOVWF   PORTD,A ; Show A
0001FE EC30 F001      00283                                 CALL    WriteDATA
                      00284 
000202 0E01           00285                                 MOVLW   0x01
000204 6E83           00286                                 MOVWF   PORTD,A
                      00287                                 
000206 EC29 F001      00288                                 CALL    WriteCOMMAND
00020A D711           00289                                 BRA             CHECK
                      00290                         
00020C 0012           00291                                 RETURN
                      00292 
                      00293 
                      00294 ;***************** Subroutine To Show ID In LCD ********************************;
                      00295 
00020E 0E44           00296 SHOWID                  MOVLW   D'68'
000210 6E83           00297                                 MOVWF   PORTD,A ;Show D
000212 EC30 F001      00298                                 CALL    WriteDATA
                      00299 
000216 0E45           00300                                 MOVLW   D'69'
000218 6E83           00301                                 MOVWF   PORTD,A ;SHOW E
00021A EC30 F001      00302                                 CALL    WriteDATA
                      00303                                 
00021E 0E39           00304                                 MOVLW   D'57'
000220 6E83           00305                                 MOVWF   PORTD,A ;SHOW 9
MPASM  5.51             TRIALERRORPROJECT.ASM   11-27-2020  22:56:33         PAGE  7


LOC  OBJECT CODE     LINE SOURCE TEXT
  VALUE

000222 EC30 F001      00306                                 CALL    WriteDATA
                      00307                         
000226 0E36           00308                                 MOVLW   D'54'
000228 6E83           00309                                 MOVWF   PORTD,A ; SHOW 6
00022A EC30 F001      00310                                 CALL    WriteDATA
                      00311 
00022E 0E35           00312                                 MOVLW   D'53'
000230 6E83           00313                                 MOVWF   PORTD,A ;SHOW 5
000232 EC30 F001      00314                                 CALL    WriteDATA
                      00315                 
000236 0E31           00316                                 MOVLW   D'49'
000238 6E83           00317                                 MOVWF   PORTD,A ;SHOW 1
00023A EC30 F001      00318                                 CALL    WriteDATA
                      00319                                 
00023E 0E31           00320                                 MOVLW   D'49'
000240 6E83           00321                                 MOVWF   PORTD,A ; SHOW 1
000242 EC30 F001      00322                                 CALL    WriteDATA
                      00323 
000246 0E01           00324                                 MOVLW   0x01
000248 6E83           00325                                 MOVWF   PORTD,A
00024A EC29 F001      00326                                 CALL    WriteCOMMAND
00024E D6F2           00327                                 BRA             CHECK1
                      00328         
000250 0012           00329                                 RETURN
                      00330 
                      00331 ;********************************** Subroutine For LCD ************************************************;
                      00332 
000252 9882           00333 WriteCOMMAND    BCF             LCD_CONTROL     ,4,A ;RS = 0
000254 9A82           00334                                 BCF             LCD_CONTROL     ,5,A ;RW = 0
000256 8C82           00335                                 BSF             LCD_CONTROL     ,6,A ;EN = 1
000258 EC59 F001      00336                                 CALL    DELAY1SEC
00025C 9C82           00337                                 BCF             LCD_CONTROL,6,A ;EN = 0 ;LCD Command
00025E 0012           00338                                 RETURN  
                      00339 
000260 8882           00340 WriteDATA               BSF             LCD_CONTROL     ,4,A ;RS = 1
000262 9A82           00341                                 BCF             LCD_CONTROL     ,5,A ;RW = 0
000264 8C82           00342                                 BSF             LCD_CONTROL     ,6,A ;EN = 1
000266 EC59 F001      00343                                 CALL    DELAY1SEC
00026A 9C82           00344                                 BCF             LCD_CONTROL     ,6,A ;EN = 0 ;Send Data
00026C 0012           00345                                 RETURN
                      00346 
00026E 0E38           00347 CONFG_LCD1              MOVLW   0x38
000270 6E83           00348                                 MOVWF   PORTD,A ;Configure 2 lines and 5x7 matrix
000272 EC29 F001      00349                                 CALL    WriteCOMMAND
                      00350 
000276 0E0F           00351                                 MOVLW   0x0F                                                            
                                                    
000278 6E83           00352                                 MOVWF   PORTD,A ;Turn display On, Cursor Blinking
00027A EC29 F001      00353                                 CALL    WriteCOMMAND
                      00354 
00027E 0E01           00355                                 MOVLW   0x01
000280 6E83           00356                                 MOVWF   PORTD,A ;Clear Screen
000282 EC29 F001      00357                                 CALL    WriteCOMMAND
MPASM  5.51             TRIALERRORPROJECT.ASM   11-27-2020  22:56:33         PAGE  8


LOC  OBJECT CODE     LINE SOURCE TEXT
  VALUE

                      00358 
000286 0E80           00359                                 MOVLW   0x80
000288 6E83           00360                                 MOVWF   PORTD,A ;Begin at First Line
00028A EC29 F001      00361                                 CALL    WriteCOMMAND
00028E 0012           00362                                 RETURN  
                      00363 
000290 0E38           00364 CONFG_LCD2              MOVLW   0x38
000292 6E83           00365                                 MOVWF   PORTD,A ;Configure 2 lines and 5x7 matrix
000294 EC29 F001      00366                                 CALL    WriteCOMMAND
                      00367 
000298 0E0F           00368                                 MOVLW   0x0F
00029A 6E83           00369                                 MOVWF   PORTD,A ;Turn display On, Cursor Blinking
00029C EC29 F001      00370                                 CALL    WriteCOMMAND
                      00371 
0002A0 0E01           00372                                 MOVLW   0x01
0002A2 6E83           00373                                 MOVWF   PORTD,A ;Clear Screen
0002A4 EC29 F001      00374                                 CALL    WriteCOMMAND
                      00375 
0002A8 0EC0           00376                                 MOVLW   0xC0
0002AA 6E83           00377                                 MOVWF   PORTD,A ;Begin at 2nd Line
0002AC EC29 F001      00378                                 CALL    WriteCOMMAND
0002B0 0012           00379                                 RETURN
                      00380                                 
                      00381 ;****************** Subroutine Delay for 1 Sec With 20Mhz Crystal Frequency ************;
                      00382 
0002B2 0E50           00383 DELAY1SEC               MOVLW   D'80'
0002B4 6E01           00384                                 MOVWF   loop_cnt2,A
0002B6 0EFA           00385 AGAIN1                  MOVLW   D'250'
0002B8 6E00           00386                                 MOVWF   loop_cnt1,A
                      00387 AGAIN2                  dup_nop D'247'
  0000                    M                                 variable        i
                          M 
  00000000                M i=0
                          M                                 while i <       D'247'
0002BA 0000               M                                 nop
  00000001                M i+=1
0002BC 0000               M                                 nop
  00000002                M i+=1
0002BE 0000               M                                 nop
  00000003                M i+=1
0002C0 0000               M                                 nop
  00000004                M i+=1
0002C2 0000               M                                 nop
  00000005                M i+=1
0002C4 0000               M                                 nop
  00000006                M i+=1
0002C6 0000               M                                 nop
  00000007                M i+=1
0002C8 0000               M                                 nop
  00000008                M i+=1
0002CA 0000               M                                 nop
  00000009                M i+=1
0002CC 0000               M                                 nop
MPASM  5.51             TRIALERRORPROJECT.ASM   11-27-2020  22:56:33         PAGE  9


LOC  OBJECT CODE     LINE SOURCE TEXT
  VALUE

  0000000A                M i+=1
0002CE 0000               M                                 nop
  0000000B                M i+=1
0002D0 0000               M                                 nop
  0000000C                M i+=1
0002D2 0000               M                                 nop
  0000000D                M i+=1
0002D4 0000               M                                 nop
  0000000E                M i+=1
0002D6 0000               M                                 nop
  0000000F                M i+=1
0002D8 0000               M                                 nop
  00000010                M i+=1
0002DA 0000               M                                 nop
  00000011                M i+=1
0002DC 0000               M                                 nop
  00000012                M i+=1
0002DE 0000               M                                 nop
  00000013                M i+=1
0002E0 0000               M                                 nop
  00000014                M i+=1
0002E2 0000               M                                 nop
  00000015                M i+=1
0002E4 0000               M                                 nop
  00000016                M i+=1
0002E6 0000               M                                 nop
  00000017                M i+=1
0002E8 0000               M                                 nop
  00000018                M i+=1
0002EA 0000               M                                 nop
  00000019                M i+=1
0002EC 0000               M                                 nop
  0000001A                M i+=1
0002EE 0000               M                                 nop
  0000001B                M i+=1
0002F0 0000               M                                 nop
  0000001C                M i+=1
0002F2 0000               M                                 nop
  0000001D                M i+=1
0002F4 0000               M                                 nop
  0000001E                M i+=1
0002F6 0000               M                                 nop
  0000001F                M i+=1
0002F8 0000               M                                 nop
  00000020                M i+=1
0002FA 0000               M                                 nop
  00000021                M i+=1
0002FC 0000               M                                 nop
  00000022                M i+=1
0002FE 0000               M                                 nop
  00000023                M i+=1
000300 0000               M                                 nop
  00000024                M i+=1
MPASM  5.51             TRIALERRORPROJECT.ASM   11-27-2020  22:56:33         PAGE 10


LOC  OBJECT CODE     LINE SOURCE TEXT
  VALUE

000302 0000               M                                 nop
  00000025                M i+=1
000304 0000               M                                 nop
  00000026                M i+=1
000306 0000               M                                 nop
  00000027                M i+=1
000308 0000               M                                 nop
  00000028                M i+=1
00030A 0000               M                                 nop
  00000029                M i+=1
00030C 0000               M                                 nop
  0000002A                M i+=1
00030E 0000               M                                 nop
  0000002B                M i+=1
000310 0000               M                                 nop
  0000002C                M i+=1
000312 0000               M                                 nop
  0000002D                M i+=1
000314 0000               M                                 nop
  0000002E                M i+=1
000316 0000               M                                 nop
  0000002F                M i+=1
000318 0000               M                                 nop
  00000030                M i+=1
00031A 0000               M                                 nop
  00000031                M i+=1
00031C 0000               M                                 nop
  00000032                M i+=1
00031E 0000               M                                 nop
  00000033                M i+=1
000320 0000               M                                 nop
  00000034                M i+=1
000322 0000               M                                 nop
  00000035                M i+=1
000324 0000               M                                 nop
  00000036                M i+=1
000326 0000               M                                 nop
  00000037                M i+=1
000328 0000               M                                 nop
  00000038                M i+=1
00032A 0000               M                                 nop
  00000039                M i+=1
00032C 0000               M                                 nop
  0000003A                M i+=1
00032E 0000               M                                 nop
  0000003B                M i+=1
000330 0000               M                                 nop
  0000003C                M i+=1
000332 0000               M                                 nop
  0000003D                M i+=1
000334 0000               M                                 nop
  0000003E                M i+=1
000336 0000               M                                 nop
MPASM  5.51             TRIALERRORPROJECT.ASM   11-27-2020  22:56:33         PAGE 11


LOC  OBJECT CODE     LINE SOURCE TEXT
  VALUE

  0000003F                M i+=1
000338 0000               M                                 nop
  00000040                M i+=1
00033A 0000               M                                 nop
  00000041                M i+=1
00033C 0000               M                                 nop
  00000042                M i+=1
00033E 0000               M                                 nop
  00000043                M i+=1
000340 0000               M                                 nop
  00000044                M i+=1
000342 0000               M                                 nop
  00000045                M i+=1
000344 0000               M                                 nop
  00000046                M i+=1
000346 0000               M                                 nop
  00000047                M i+=1
000348 0000               M                                 nop
  00000048                M i+=1
00034A 0000               M                                 nop
  00000049                M i+=1
00034C 0000               M                                 nop
  0000004A                M i+=1
00034E 0000               M                                 nop
  0000004B                M i+=1
000350 0000               M                                 nop
  0000004C                M i+=1
000352 0000               M                                 nop
  0000004D                M i+=1
000354 0000               M                                 nop
  0000004E                M i+=1
000356 0000               M                                 nop
  0000004F                M i+=1
000358 0000               M                                 nop
  00000050                M i+=1
00035A 0000               M                                 nop
  00000051                M i+=1
00035C 0000               M                                 nop
  00000052                M i+=1
00035E 0000               M                                 nop
  00000053                M i+=1
000360 0000               M                                 nop
  00000054                M i+=1
000362 0000               M                                 nop
  00000055                M i+=1
000364 0000               M                                 nop
  00000056                M i+=1
000366 0000               M                                 nop
  00000057                M i+=1
000368 0000               M                                 nop
  00000058                M i+=1
00036A 0000               M                                 nop
  00000059                M i+=1
MPASM  5.51             TRIALERRORPROJECT.ASM   11-27-2020  22:56:33         PAGE 12


LOC  OBJECT CODE     LINE SOURCE TEXT
  VALUE

00036C 0000               M                                 nop
  0000005A                M i+=1
00036E 0000               M                                 nop
  0000005B                M i+=1
000370 0000               M                                 nop
  0000005C                M i+=1
000372 0000               M                                 nop
  0000005D                M i+=1
000374 0000               M                                 nop
  0000005E                M i+=1
000376 0000               M                                 nop
  0000005F                M i+=1
000378 0000               M                                 nop
  00000060                M i+=1
00037A 0000               M                                 nop
  00000061                M i+=1
00037C 0000               M                                 nop
  00000062                M i+=1
00037E 0000               M                                 nop
  00000063                M i+=1
000380 0000               M                                 nop
  00000064                M i+=1
000382 0000               M                                 nop
  00000065                M i+=1
000384 0000               M                                 nop
  00000066                M i+=1
000386 0000               M                                 nop
  00000067                M i+=1
000388 0000               M                                 nop
  00000068                M i+=1
00038A 0000               M                                 nop
  00000069                M i+=1
00038C 0000               M                                 nop
  0000006A                M i+=1
00038E 0000               M                                 nop
  0000006B                M i+=1
000390 0000               M                                 nop
  0000006C                M i+=1
000392 0000               M                                 nop
  0000006D                M i+=1
000394 0000               M                                 nop
  0000006E                M i+=1
000396 0000               M                                 nop
  0000006F                M i+=1
000398 0000               M                                 nop
  00000070                M i+=1
00039A 0000               M                                 nop
  00000071                M i+=1
00039C 0000               M                                 nop
  00000072                M i+=1
00039E 0000               M                                 nop
  00000073                M i+=1
0003A0 0000               M                                 nop
MPASM  5.51             TRIALERRORPROJECT.ASM   11-27-2020  22:56:33         PAGE 13


LOC  OBJECT CODE     LINE SOURCE TEXT
  VALUE

  00000074                M i+=1
0003A2 0000               M                                 nop
  00000075                M i+=1
0003A4 0000               M                                 nop
  00000076                M i+=1
0003A6 0000               M                                 nop
  00000077                M i+=1
0003A8 0000               M                                 nop
  00000078                M i+=1
0003AA 0000               M                                 nop
  00000079                M i+=1
0003AC 0000               M                                 nop
  0000007A                M i+=1
0003AE 0000               M                                 nop
  0000007B                M i+=1
0003B0 0000               M                                 nop
  0000007C                M i+=1
0003B2 0000               M                                 nop
  0000007D                M i+=1
0003B4 0000               M                                 nop
  0000007E                M i+=1
0003B6 0000               M                                 nop
  0000007F                M i+=1
0003B8 0000               M                                 nop
  00000080                M i+=1
0003BA 0000               M                                 nop
  00000081                M i+=1
0003BC 0000               M                                 nop
  00000082                M i+=1
0003BE 0000               M                                 nop
  00000083                M i+=1
0003C0 0000               M                                 nop
  00000084                M i+=1
0003C2 0000               M                                 nop
  00000085                M i+=1
0003C4 0000               M                                 nop
  00000086                M i+=1
0003C6 0000               M                                 nop
  00000087                M i+=1
0003C8 0000               M                                 nop
  00000088                M i+=1
0003CA 0000               M                                 nop
  00000089                M i+=1
0003CC 0000               M                                 nop
  0000008A                M i+=1
0003CE 0000               M                                 nop
  0000008B                M i+=1
0003D0 0000               M                                 nop
  0000008C                M i+=1
0003D2 0000               M                                 nop
  0000008D                M i+=1
0003D4 0000               M                                 nop
  0000008E                M i+=1
MPASM  5.51             TRIALERRORPROJECT.ASM   11-27-2020  22:56:33         PAGE 14


LOC  OBJECT CODE     LINE SOURCE TEXT
  VALUE

0003D6 0000               M                                 nop
  0000008F                M i+=1
0003D8 0000               M                                 nop
  00000090                M i+=1
0003DA 0000               M                                 nop
  00000091                M i+=1
0003DC 0000               M                                 nop
  00000092                M i+=1
0003DE 0000               M                                 nop
  00000093                M i+=1
0003E0 0000               M                                 nop
  00000094                M i+=1
0003E2 0000               M                                 nop
  00000095                M i+=1
0003E4 0000               M                                 nop
  00000096                M i+=1
0003E6 0000               M                                 nop
  00000097                M i+=1
0003E8 0000               M                                 nop
  00000098                M i+=1
0003EA 0000               M                                 nop
  00000099                M i+=1
0003EC 0000               M                                 nop
  0000009A                M i+=1
0003EE 0000               M                                 nop
  0000009B                M i+=1
0003F0 0000               M                                 nop
  0000009C                M i+=1
0003F2 0000               M                                 nop
  0000009D                M i+=1
0003F4 0000               M                                 nop
  0000009E                M i+=1
0003F6 0000               M                                 nop
  0000009F                M i+=1
0003F8 0000               M                                 nop
  000000A0                M i+=1
0003FA 0000               M                                 nop
  000000A1                M i+=1
0003FC 0000               M                                 nop
  000000A2                M i+=1
0003FE 0000               M                                 nop
  000000A3                M i+=1
000400 0000               M                                 nop
  000000A4                M i+=1
000402 0000               M                                 nop
  000000A5                M i+=1
000404 0000               M                                 nop
  000000A6                M i+=1
000406 0000               M                                 nop
  000000A7                M i+=1
000408 0000               M                                 nop
  000000A8                M i+=1
00040A 0000               M                                 nop
MPASM  5.51             TRIALERRORPROJECT.ASM   11-27-2020  22:56:33         PAGE 15


LOC  OBJECT CODE     LINE SOURCE TEXT
  VALUE

  000000A9                M i+=1
00040C 0000               M                                 nop
  000000AA                M i+=1
00040E 0000               M                                 nop
  000000AB                M i+=1
000410 0000               M                                 nop
  000000AC                M i+=1
000412 0000               M                                 nop
  000000AD                M i+=1
000414 0000               M                                 nop
  000000AE                M i+=1
000416 0000               M                                 nop
  000000AF                M i+=1
000418 0000               M                                 nop
  000000B0                M i+=1
00041A 0000               M                                 nop
  000000B1                M i+=1
00041C 0000               M                                 nop
  000000B2                M i+=1
00041E 0000               M                                 nop
  000000B3                M i+=1
000420 0000               M                                 nop
  000000B4                M i+=1
000422 0000               M                                 nop
  000000B5                M i+=1
000424 0000               M                                 nop
  000000B6                M i+=1
000426 0000               M                                 nop
  000000B7                M i+=1
000428 0000               M                                 nop
  000000B8                M i+=1
00042A 0000               M                                 nop
  000000B9                M i+=1
00042C 0000               M                                 nop
  000000BA                M i+=1
00042E 0000               M                                 nop
  000000BB                M i+=1
000430 0000               M                                 nop
  000000BC                M i+=1
000432 0000               M                                 nop
  000000BD                M i+=1
000434 0000               M                                 nop
  000000BE                M i+=1
000436 0000               M                                 nop
  000000BF                M i+=1
000438 0000               M                                 nop
  000000C0                M i+=1
00043A 0000               M                                 nop
  000000C1                M i+=1
00043C 0000               M                                 nop
  000000C2                M i+=1
00043E 0000               M                                 nop
  000000C3                M i+=1
MPASM  5.51             TRIALERRORPROJECT.ASM   11-27-2020  22:56:33         PAGE 16


LOC  OBJECT CODE     LINE SOURCE TEXT
  VALUE

000440 0000               M                                 nop
  000000C4                M i+=1
000442 0000               M                                 nop
  000000C5                M i+=1
000444 0000               M                                 nop
  000000C6                M i+=1
000446 0000               M                                 nop
  000000C7                M i+=1
000448 0000               M                                 nop
  000000C8                M i+=1
00044A 0000               M                                 nop
  000000C9                M i+=1
00044C 0000               M                                 nop
  000000CA                M i+=1
00044E 0000               M                                 nop
  000000CB                M i+=1
000450 0000               M                                 nop
  000000CC                M i+=1
000452 0000               M                                 nop
  000000CD                M i+=1
000454 0000               M                                 nop
  000000CE                M i+=1
000456 0000               M                                 nop
  000000CF                M i+=1
000458 0000               M                                 nop
  000000D0                M i+=1
00045A 0000               M                                 nop
  000000D1                M i+=1
00045C 0000               M                                 nop
  000000D2                M i+=1
00045E 0000               M                                 nop
  000000D3                M i+=1
000460 0000               M                                 nop
  000000D4                M i+=1
000462 0000               M                                 nop
  000000D5                M i+=1
000464 0000               M                                 nop
  000000D6                M i+=1
000466 0000               M                                 nop
  000000D7                M i+=1
000468 0000               M                                 nop
  000000D8                M i+=1
00046A 0000               M                                 nop
  000000D9                M i+=1
00046C 0000               M                                 nop
  000000DA                M i+=1
00046E 0000               M                                 nop
  000000DB                M i+=1
000470 0000               M                                 nop
  000000DC                M i+=1
000472 0000               M                                 nop
  000000DD                M i+=1
000474 0000               M                                 nop
MPASM  5.51             TRIALERRORPROJECT.ASM   11-27-2020  22:56:33         PAGE 17


LOC  OBJECT CODE     LINE SOURCE TEXT
  VALUE

  000000DE                M i+=1
000476 0000               M                                 nop
  000000DF                M i+=1
000478 0000               M                                 nop
  000000E0                M i+=1
00047A 0000               M                                 nop
  000000E1                M i+=1
00047C 0000               M                                 nop
  000000E2                M i+=1
00047E 0000               M                                 nop
  000000E3                M i+=1
000480 0000               M                                 nop
  000000E4                M i+=1
000482 0000               M                                 nop
  000000E5                M i+=1
000484 0000               M                                 nop
  000000E6                M i+=1
000486 0000               M                                 nop
  000000E7                M i+=1
000488 0000               M                                 nop
  000000E8                M i+=1
00048A 0000               M                                 nop
  000000E9                M i+=1
00048C 0000               M                                 nop
  000000EA                M i+=1
00048E 0000               M                                 nop
  000000EB                M i+=1
000490 0000               M                                 nop
  000000EC                M i+=1
000492 0000               M                                 nop
  000000ED                M i+=1
000494 0000               M                                 nop
  000000EE                M i+=1
000496 0000               M                                 nop
  000000EF                M i+=1
000498 0000               M                                 nop
  000000F0                M i+=1
00049A 0000               M                                 nop
  000000F1                M i+=1
00049C 0000               M                                 nop
  000000F2                M i+=1
00049E 0000               M                                 nop
  000000F3                M i+=1
0004A0 0000               M                                 nop
  000000F4                M i+=1
0004A2 0000               M                                 nop
  000000F5                M i+=1
0004A4 0000               M                                 nop
  000000F6                M i+=1
0004A6 0000               M                                 nop
  000000F7                M i+=1
                          M                                 endw
0004A8 2E00           00388                                 DECFSZ  loop_cnt1,F,A
MPASM  5.51             TRIALERRORPROJECT.ASM   11-27-2020  22:56:33         PAGE 18


LOC  OBJECT CODE     LINE SOURCE TEXT
  VALUE

0004AA D707           00389                                 BRA             AGAIN2
0004AC 2E01           00390                                 DECFSZ  loop_cnt2,F,A
0004AE D703           00391                                 BRA             AGAIN1
0004B0 0000           00392                                 NOP
0004B2 0012           00393                                 RETURN
                      00394 
                      00395 
                      00396                                 END
MPASM  5.51             TRIALERRORPROJECT.ASM   11-27-2020  22:56:33         PAGE 19


SYMBOL TABLE
  LABEL                             VALUE 

A                                 00000000
ABDEN                             00000000
ABDOVF                            00000007
ACCESS                            00000000
ACKDT                             00000005
ACKEN                             00000004
ACKSTAT                           00000006
ACQT0                             00000003
ACQT1                             00000004
ACQT2                             00000005
ACTVIE                            00000002
ACTVIF                            00000002
ADCON0                            00000FC2
ADCON1                            00000FC1
ADCON2                            00000FC0
ADCS0                             00000000
ADCS1                             00000001
ADCS2                             00000002
ADDEN                             00000003
ADDR0                             00000000
ADDR1                             00000001
ADDR2                             00000002
ADDR3                             00000003
ADDR4                             00000004
ADDR5                             00000005
ADDR6                             00000006
ADEN                              00000003
ADFM                              00000007
ADIE                              00000006
ADIF                              00000006
ADIP                              00000006
ADON                              00000000
ADRES                             00000FC3
ADRESH                            00000FC4
ADRESL                            00000FC3
AGAIN1                            000002B6
AGAIN2                            000002BA
AN0                               00000000
AN1                               00000001
AN2                               00000002
AN3                               00000003
AN4                               00000005
BANKED                            00000001
BAUDCON                           00000FB8
BAUDCTL                           00000FB8
BCLIE                             00000003
BCLIF                             00000003
BCLIP                             00000003
BF                                00000000
BGST                              00000005
BOR                               00000000
BRG16                             00000003
BRGH                              00000002
MPASM  5.51             TRIALERRORPROJECT.ASM   11-27-2020  22:56:33         PAGE 20


SYMBOL TABLE
  LABEL                             VALUE 

BSR                               00000FE0
BTOEE                             00000004
BTOEF                             00000004
BTSEE                             00000007
BTSEF                             00000007
C                                 00000000
C1INV                             00000004
C1OUT                             00000006
C2INV                             00000005
C2OUT                             00000007
CCP1                              00000002
CCP1AS                            00000FB6
CCP1CON                           00000FBD
CCP1DEL                           00000FB7
CCP1IE                            00000002
CCP1IF                            00000002
CCP1IP                            00000002
CCP1M0                            00000000
CCP1M1                            00000001
CCP1M2                            00000002
CCP1M3                            00000003
CCP2CON                           00000FBA
CCP2IE                            00000000
CCP2IF                            00000000
CCP2IP                            00000000
CCP2M0                            00000000
CCP2M1                            00000001
CCP2M2                            00000002
CCP2M3                            00000003
CCPR1                             00000FBE
CCPR1H                            00000FBF
CCPR1L                            00000FBE
CCPR2                             00000FBB
CCPR2H                            00000FBC
CCPR2L                            00000FBB
CFGS                              00000006
CHECK                             0000002E
CHECK1                            00000034
CHS0                              00000002
CHS1                              00000003
CHS2                              00000004
CHS3                              00000005
CIS                               00000003
CK                                00000006
CK1SPP                            00000000
CK2SPP                            00000001
CKE                               00000006
CKP                               00000004
CLK1EN                            00000004
CLKCFG0                           00000006
CLKCFG1                           00000007
CM0                               00000000
CM1                               00000001
MPASM  5.51             TRIALERRORPROJECT.ASM   11-27-2020  22:56:33         PAGE 21


SYMBOL TABLE
  LABEL                             VALUE 

CM2                               00000002
CMCON                             00000FB4
CMIE                              00000006
CMIF                              00000006
CMIP                              00000006
CONFG_LCD1                        0000026E
CONFG_LCD2                        00000290
CRC16EE                           00000002
CRC16EF                           00000002
CRC5EE                            00000001
CRC5EF                            00000001
CREN                              00000004
CSEN                              00000005
CSRC                              00000007
CVR0                              00000000
CVR1                              00000001
CVR2                              00000002
CVR3                              00000003
CVRCON                            00000FB5
CVREF                             00000004
CVREN                             00000007
CVROE                             00000006
CVRR                              00000005
CVRSS                             00000004
D                                 00000005
DATA_ADDRESS                      00000005
DC                                00000001
DC1B0                             00000004
DC1B1                             00000005
DC2B0                             00000004
DC2B1                             00000005
DDRA                              TRISA
DDRB                              TRISB
DDRC                              TRISC
DDRD                              TRISD
DDRE                              TRISE
DELAY1SEC                         000002B2
DFN8EE                            00000003
DFN8EF                            00000003
DIR                               00000002
DONE                              00000001
D_A                               00000005
D_NOT_A                           00000005
ECCP1AS                           00000FB6
ECCP1CON                          00000FBD
ECCP1DEL                          00000FB7
ECCPAS0                           00000004
ECCPAS1                           00000005
ECCPAS2                           00000006
ECCPASE                           00000007
EEADR                             00000FA9
EECON1                            00000FA6
EECON2                            00000FA7
MPASM  5.51             TRIALERRORPROJECT.ASM   11-27-2020  22:56:33         PAGE 22


SYMBOL TABLE
  LABEL                             VALUE 

EEDATA                            00000FA8
EEIE                              00000004
EEIF                              00000004
EEIP                              00000004
EEPGD                             00000007
ENDP0                             00000003
ENDP1                             00000004
ENDP2                             00000005
ENDP3                             00000006
EPCONDIS                          00000003
EPHSHK                            00000004
EPINEN                            00000001
EPOUTEN                           00000002
EPSTALL                           00000000
FAST                              00000001
FERR                              00000002
FLTS                              00000002
FREE                              00000004
FRM0                              00000000
FRM1                              00000001
FRM10                             00000002
FRM2                              00000002
FRM3                              00000003
FRM4                              00000004
FRM5                              00000005
FRM6                              00000006
FRM7                              00000007
FRM8                              00000000
FRM9                              00000001
FSEN                              00000002
FSR0                              00000000
FSR0H                             00000FEA
FSR0L                             00000FE9
FSR1                              00000001
FSR1H                             00000FE2
FSR1L                             00000FE1
FSR2                              00000002
FSR2H                             00000FDA
FSR2L                             00000FD9
GCEN                              00000007
GIE                               00000007
GIEH                              00000007
GIEL                              00000006
GIE_GIEH                          00000007
GO                                00000001
GO_DONE                           00000001
GO_NOT_DONE                       00000001
HLVDCON                           00000FD2
HLVDEN                            00000004
HLVDIE                            00000002
HLVDIF                            00000002
HLVDIN                            00000005
HLVDIP                            00000002
MPASM  5.51             TRIALERRORPROJECT.ASM   11-27-2020  22:56:33         PAGE 23


SYMBOL TABLE
  LABEL                             VALUE 

HLVDL0                            00000000
HLVDL1                            00000001
HLVDL2                            00000002
HLVDL3                            00000003
I2C_DAT                           00000005
I2C_READ                          00000002
I2C_START                         00000003
I2C_STOP                          00000004
IDLEIE                            00000004
IDLEIF                            00000004
IDLEN                             00000007
INDF0                             00000FEF
INDF1                             00000FE7
INDF2                             00000FDF
INT0                              00000000
INT0E                             00000004
INT0F                             00000001
INT0IE                            00000004
INT0IF                            00000001
INT1                              00000001
INT1E                             00000003
INT1F                             00000000
INT1IE                            00000003
INT1IF                            00000000
INT1IP                            00000006
INT1P                             00000006
INT2                              00000002
INT2E                             00000004
INT2F                             00000001
INT2IE                            00000004
INT2IF                            00000001
INT2IP                            00000007
INT2P                             00000007
INTCON                            00000FF2
INTCON2                           00000FF1
INTCON3                           00000FF0
INTEDG0                           00000006
INTEDG1                           00000005
INTEDG2                           00000004
INTSRC                            00000007
IOFS                              00000002
IPEN                              00000007
IPR1                              00000F9F
IPR2                              00000FA2
IRCF0                             00000004
IRCF1                             00000005
IRCF2                             00000006
IRVST                             00000005
IVRST                             00000005
KEY#                              000001AE
KEY0                              000001A2
KEY1                              0000012A
KEY2                              00000136
MPASM  5.51             TRIALERRORPROJECT.ASM   11-27-2020  22:56:33         PAGE 24


SYMBOL TABLE
  LABEL                             VALUE 

KEY3                              00000142
KEY4                              0000014E
KEY5                              0000015A
KEY6                              00000166
KEY7                              00000172
KEY8                              0000017E
KEY9                              0000018A
KEYSTAR                           00000196
LATA                              00000F89
LATA0                             00000000
LATA1                             00000001
LATA2                             00000002
LATA3                             00000003
LATA4                             00000004
LATA5                             00000005
LATA6                             00000006
LATB                              00000F8A
LATB0                             00000000
LATB1                             00000001
LATB2                             00000002
LATB3                             00000003
LATB4                             00000004
LATB5                             00000005
LATB6                             00000006
LATB7                             00000007
LATC                              00000F8B
LATC0                             00000000
LATC1                             00000001
LATC2                             00000002
LATC6                             00000006
LATC7                             00000007
LATD                              00000F8C
LATD0                             00000000
LATD1                             00000001
LATD2                             00000002
LATD3                             00000003
LATD4                             00000004
LATD5                             00000005
LATD6                             00000006
LATD7                             00000007
LATE                              00000F8D
LATE0                             00000000
LATE1                             00000001
LATE2                             00000002
LCD_CONTROL                       00000F82
LVDCON                            00000FD2
LVDEN                             00000004
LVDIE                             00000002
LVDIF                             00000002
LVDIN                             00000005
LVDIP                             00000002
LVDL0                             00000000
LVDL1                             00000001
MPASM  5.51             TRIALERRORPROJECT.ASM   11-27-2020  22:56:33         PAGE 25


SYMBOL TABLE
  LABEL                             VALUE 

LVDL2                             00000002
LVDL3                             00000003
LVV0                              00000000
LVV1                              00000001
LVV2                              00000002
LVV3                              00000003
N                                 00000004
NOT_A                             00000005
NOT_ADDRESS                       00000005
NOT_BOR                           00000000
NOT_DONE                          00000001
NOT_IPEN                          00000007
NOT_PD                            00000002
NOT_POR                           00000001
NOT_RBPU                          00000007
NOT_RI                            00000004
NOT_T1SYNC                        00000002
NOT_T3SYNC                        00000002
NOT_TO                            00000003
NOT_W                             00000002
NOT_WRITE                         00000002
OERR                              00000001
OESPP                             00000002
OSC2                              00000006
OSCCON                            00000FD3
OSCFIE                            00000007
OSCFIF                            00000007
OSCFIP                            00000007
OSCTUNE                           00000F9B
OSTS                              00000003
OV                                00000003
P                                 00000004
P1A                               00000002
P1M0                              00000006
P1M1                              00000007
PC                                00000FF9
PCFG0                             00000000
PCFG1                             00000001
PCFG2                             00000002
PCFG3                             00000003
PCL                               00000FF9
PCLATH                            00000FFA
PCLATU                            00000FFB
PD                                00000002
PDC0                              00000000
PDC1                              00000001
PDC2                              00000002
PDC3                              00000003
PDC4                              00000004
PDC5                              00000005
PDC6                              00000006
PEIE                              00000006
PEIE_GIEL                         00000006
MPASM  5.51             TRIALERRORPROJECT.ASM   11-27-2020  22:56:33         PAGE 26


SYMBOL TABLE
  LABEL                             VALUE 

PEN                               00000002
PGC                               00000006
PGD                               00000007
PGM                               00000005
PIDEE                             00000000
PIDEF                             00000000
PIE1                              00000F9D
PIE2                              00000FA0
PIR1                              00000F9E
PIR2                              00000FA1
PKTDIS                            00000004
PLUSW0                            00000FEB
PLUSW1                            00000FE3
PLUSW2                            00000FDB
POR                               00000001
PORTA                             00000F80
PORTB                             00000F81
PORTC                             00000F82
PORTD                             00000F83
PORTE                             00000F84
POSTDEC0                          00000FED
POSTDEC1                          00000FE5
POSTDEC2                          00000FDD
POSTINC0                          00000FEE
POSTINC1                          00000FE6
POSTINC2                          00000FDE
PPB0                              00000000
PPB1                              00000001
PPBI                              00000001
PPBRST                            00000006
PR2                               00000FCB
PREINC0                           00000FEC
PREINC1                           00000FE4
PREINC2                           00000FDC
PROD                              00000FF3
PRODH                             00000FF4
PRODL                             00000FF3
PRSEN                             00000007
PSA                               00000003
PSSAC0                            00000002
PSSAC1                            00000003
PSSBD0                            00000000
PSSBD1                            00000001
R                                 00000002
RA0                               00000000
RA1                               00000001
RA2                               00000002
RA3                               00000003
RA4                               00000004
RA5                               00000005
RA6                               00000006
RB0                               00000000
RB1                               00000001
MPASM  5.51             TRIALERRORPROJECT.ASM   11-27-2020  22:56:33         PAGE 27


SYMBOL TABLE
  LABEL                             VALUE 

RB2                               00000002
RB3                               00000003
RB4                               00000004
RB5                               00000005
RB6                               00000006
RB7                               00000007
RBIE                              00000003
RBIF                              00000000
RBIP                              00000000
RBPU                              00000007
RC0                               00000000
RC1                               00000001
RC2                               00000002
RC4                               00000004
RC5                               00000005
RC6                               00000006
RC7                               00000007
RCEN                              00000003
RCIDL                             00000006
RCIE                              00000005
RCIF                              00000005
RCIP                              00000005
RCMT                              00000006
RCON                              00000FD0
RCREG                             00000FAE
RCSTA                             00000FAB
RD                                00000000
RD0                               00000000
RD1                               00000001
RD16                              00000007
RD2                               00000002
RD3                               00000003
RD4                               00000004
RD5                               00000005
RD6                               00000006
RD7                               00000007
RDPU                              00000007
RDSPP                             00000007
RE0                               00000000
RE1                               00000001
RE2                               00000002
RE3                               00000003
READ_WRITE                        00000002
RESUME                            00000002
RI                                00000004
RSEN                              00000001
RX                                00000007
RX9                               00000006
RX9D                              00000000
RXDTP                             00000005
R_NOT_W                           00000002
R_W                               00000002
S                                 00000003
MPASM  5.51             TRIALERRORPROJECT.ASM   11-27-2020  22:56:33         PAGE 28


SYMBOL TABLE
  LABEL                             VALUE 

SBOREN                            00000006
SCKP                              00000004
SCS0                              00000000
SCS1                              00000001
SE0                               00000005
SEN                               00000000
SENDB                             00000003
SHOW#                             0000011A
SHOW0                             0000010A
SHOW1                             0000006A
SHOW2                             0000007A
SHOW3                             0000008A
SHOW4                             0000009A
SHOW5                             000000AA
SHOW6                             000000BA
SHOW7                             000000CA
SHOW8                             000000DA
SHOW9                             000000EA
SHOWID                            0000020E
SHOWNAME                          000001BA
SHOWStar                          000000FA
SMP                               00000007
SOFIE                             00000006
SOFIF                             00000006
SPBRG                             00000FAF
SPBRGH                            00000FB0
SPEN                              00000007
SPP0                              00000000
SPP1                              00000001
SPP2                              00000002
SPP3                              00000003
SPP4                              00000004
SPP5                              00000005
SPP6                              00000006
SPP7                              00000007
SPPBUSY                           00000004
SPPCFG                            00000F63
SPPCON                            00000F65
SPPDATA                           00000F62
SPPEN                             00000000
SPPEPS                            00000F64
SPPIE                             00000007
SPPIF                             00000007
SPPIP                             00000007
SPPOWN                            00000001
SREN                              00000005
SSPADD                            00000FC8
SSPBUF                            00000FC9
SSPCON1                           00000FC6
SSPCON2                           00000FC5
SSPEN                             00000005
SSPIE                             00000003
SSPIF                             00000003
MPASM  5.51             TRIALERRORPROJECT.ASM   11-27-2020  22:56:33         PAGE 29


SYMBOL TABLE
  LABEL                             VALUE 

SSPIP                             00000003
SSPM0                             00000000
SSPM1                             00000001
SSPM2                             00000002
SSPM3                             00000003
SSPOV                             00000006
SSPSTAT                           00000FC7
STALLIE                           00000005
STALLIF                           00000005
STATUS                            00000FD8
STKFUL                            00000007
STKOVF                            00000007
STKPTR                            00000FFC
STKPTR0                           00000000
STKPTR1                           00000001
STKPTR2                           00000002
STKPTR3                           00000003
STKPTR4                           00000004
STKUNF                            00000006
SUSPND                            00000001
SWDTE                             00000000
SWDTEN                            00000000
SYNC                              00000004
T08BIT                            00000006
T0CKI                             00000004
T0CON                             00000FD5
T0CS                              00000005
T0IE                              00000005
T0IF                              00000002
T0IP                              00000002
T0PS0                             00000000
T0PS1                             00000001
T0PS2                             00000002
T0SE                              00000004
T13CKI                            00000000
T1CKPS0                           00000004
T1CKPS1                           00000005
T1CON                             00000FCD
T1OSCEN                           00000003
T1OSI                             00000001
T1OSO                             00000000
T1RUN                             00000006
T1SYNC                            00000002
T2CKPS0                           00000000
T2CKPS1                           00000001
T2CON                             00000FCA
T2OUTPS0                          00000003
T2OUTPS1                          00000004
T2OUTPS2                          00000005
T2OUTPS3                          00000006
T3CCP1                            00000003
T3CCP2                            00000006
T3CKPS0                           00000004
MPASM  5.51             TRIALERRORPROJECT.ASM   11-27-2020  22:56:33         PAGE 30


SYMBOL TABLE
  LABEL                             VALUE 

T3CKPS1                           00000005
T3CON                             00000FB1
T3NSYNC                           00000002
T3SYNC                            00000002
TABLAT                            00000FF5
TBLPTR                            00000FF6
TBLPTRH                           00000FF7
TBLPTRL                           00000FF6
TBLPTRU                           00000FF8
TMR0                              00000FD6
TMR0H                             00000FD7
TMR0IE                            00000005
TMR0IF                            00000002
TMR0IP                            00000002
TMR0L                             00000FD6
TMR0ON                            00000007
TMR1                              00000FCE
TMR1CS                            00000001
TMR1H                             00000FCF
TMR1IE                            00000000
TMR1IF                            00000000
TMR1IP                            00000000
TMR1L                             00000FCE
TMR1ON                            00000000
TMR2                              00000FCC
TMR2IE                            00000001
TMR2IF                            00000001
TMR2IP                            00000001
TMR2ON                            00000002
TMR3                              00000FB2
TMR3CS                            00000001
TMR3H                             00000FB3
TMR3IE                            00000001
TMR3IF                            00000001
TMR3IP                            00000001
TMR3L                             00000FB2
TMR3ON                            00000000
TO                                00000003
TOS                               00000FFD
TOSH                              00000FFE
TOSL                              00000FFD
TOSU                              00000FFF
TOUTPS0                           00000003
TOUTPS1                           00000004
TOUTPS2                           00000005
TOUTPS3                           00000006
TRISA                             00000F92
TRISA0                            00000000
TRISA1                            00000001
TRISA2                            00000002
TRISA3                            00000003
TRISA4                            00000004
TRISA5                            00000005
MPASM  5.51             TRIALERRORPROJECT.ASM   11-27-2020  22:56:33         PAGE 31


SYMBOL TABLE
  LABEL                             VALUE 

TRISA6                            00000006
TRISB                             00000F93
TRISB0                            00000000
TRISB1                            00000001
TRISB2                            00000002
TRISB3                            00000003
TRISB4                            00000004
TRISB5                            00000005
TRISB6                            00000006
TRISB7                            00000007
TRISC                             00000F94
TRISC0                            00000000
TRISC1                            00000001
TRISC2                            00000002
TRISC6                            00000006
TRISC7                            00000007
TRISD                             00000F95
TRISD0                            00000000
TRISD1                            00000001
TRISD2                            00000002
TRISD3                            00000003
TRISD4                            00000004
TRISD5                            00000005
TRISD6                            00000006
TRISD7                            00000007
TRISE                             00000F96
TRISE0                            00000000
TRISE1                            00000001
TRISE2                            00000002
TRMT                              00000001
TRNIE                             00000003
TRNIF                             00000003
TUN0                              00000000
TUN1                              00000001
TUN2                              00000002
TUN3                              00000003
TUN4                              00000004
TX                                00000006
TX9                               00000006
TX9D                              00000000
TXCKP                             00000004
TXEN                              00000005
TXIE                              00000004
TXIF                              00000004
TXIP                              00000004
TXREG                             00000FAD
TXSTA                             00000FAC
UA                                00000001
UADDR                             00000F6E
UCFG                              00000F6F
UCON                              00000F6D
UEIE                              00000F6B
UEIR                              00000F6A
MPASM  5.51             TRIALERRORPROJECT.ASM   11-27-2020  22:56:33         PAGE 32


SYMBOL TABLE
  LABEL                             VALUE 

UEP0                              00000F70
UEP1                              00000F71
UEP10                             00000F7A
UEP11                             00000F7B
UEP12                             00000F7C
UEP13                             00000F7D
UEP14                             00000F7E
UEP15                             00000F7F
UEP2                              00000F72
UEP3                              00000F73
UEP4                              00000F74
UEP5                              00000F75
UEP6                              00000F76
UEP7                              00000F77
UEP8                              00000F78
UEP9                              00000F79
UERRIE                            00000001
UERRIF                            00000001
UFRM                              00000F66
UFRMH                             00000F67
UFRML                             00000F66
UIE                               00000F69
UIR                               00000F68
UOEMON                            00000006
UPUEN                             00000004
URSTIE                            00000000
URSTIF                            00000000
USBEN                             00000003
USBIE                             00000005
USBIF                             00000005
USBIP                             00000005
USTAT                             00000F6C
UTEYE                             00000007
UTRDIS                            00000003
VCFG0                             00000004
VCFG1                             00000005
VDIRMAG                           00000007
VREFM                             00000002
VREFP                             00000003
W                                 00000000
WCOL                              00000007
WDTCON                            00000FD1
WR                                00000001
WREG                              00000FE8
WREN                              00000002
WRERR                             00000003
WRSPP                             00000006
WS0                               00000000
WS1                               00000001
WS2                               00000002
WS3                               00000003
WUE                               00000001
WriteCOMMAND                      00000252
MPASM  5.51             TRIALERRORPROJECT.ASM   11-27-2020  22:56:33         PAGE 33


SYMBOL TABLE
  LABEL                             VALUE 

WriteDATA                         00000260
Z                                 00000002
_BORV_0_2L                        000000E7
_BORV_1_2L                        000000EF
_BORV_2_2L                        000000F7
_BORV_3_2L                        000000FF
_BOR_OFF_2L                       000000F9
_BOR_ON_2L                        000000FF
_BOR_ON_ACTIVE_2L                 000000FD
_BOR_SOFT_2L                      000000FB
_CCP2MX_OFF_3H                    000000FE
_CCP2MX_ON_3H                     000000FF
_CONFIG1H                         00300001
_CONFIG1L                         00300000
_CONFIG2H                         00300003
_CONFIG2L                         00300002
_CONFIG3H                         00300005
_CONFIG4L                         00300006
_CONFIG5H                         00300009
_CONFIG5L                         00300008
_CONFIG6H                         0030000B
_CONFIG6L                         0030000A
_CONFIG7H                         0030000D
_CONFIG7L                         0030000C
_CP0_OFF_5L                       000000FF
_CP0_ON_5L                        000000FE
_CP1_OFF_5L                       000000FF
_CP1_ON_5L                        000000FD
_CP2_OFF_5L                       000000FF
_CP2_ON_5L                        000000FB
_CP3_OFF_5L                       000000FF
_CP3_ON_5L                        000000F7
_CPB_OFF_5H                       000000FF
_CPB_ON_5H                        000000BF
_CPD_OFF_5H                       000000FF
_CPD_ON_5H                        0000007F
_CPUDIV_OSC1_PLL2_1L              000000E7
_CPUDIV_OSC2_PLL3_1L              000000EF
_CPUDIV_OSC3_PLL4_1L              000000F7
_CPUDIV_OSC4_PLL6_1L              000000FF
_DEBUG_OFF_4L                     000000FF
_DEBUG_ON_4L                      0000007F
_DEVID1                           003FFFFE
_DEVID2                           003FFFFF
_EBTR0_OFF_7L                     000000FF
_EBTR0_ON_7L                      000000FE
_EBTR1_OFF_7L                     000000FF
_EBTR1_ON_7L                      000000FD
_EBTR2_OFF_7L                     000000FF
_EBTR2_ON_7L                      000000FB
_EBTR3_OFF_7L                     000000FF
_EBTR3_ON_7L                      000000F7
_EBTRB_OFF_7H                     000000FF
MPASM  5.51             TRIALERRORPROJECT.ASM   11-27-2020  22:56:33         PAGE 34


SYMBOL TABLE
  LABEL                             VALUE 

_EBTRB_ON_7H                      000000BF
_FCMEN_OFF_1H                     000000BF
_FCMEN_ON_1H                      000000FF
_FOSC_ECIO_EC_1H                  000000F4
_FOSC_ECPLLIO_EC_1H               000000F6
_FOSC_ECPLL_EC_1H                 000000F7
_FOSC_EC_EC_1H                    000000F5
_FOSC_HSPLL_HS_1H                 000000FE
_FOSC_HS_1H                       000000FC
_FOSC_INTOSCIO_EC_1H              000000F8
_FOSC_INTOSC_EC_1H                000000F9
_FOSC_INTOSC_HS_1H                000000FB
_FOSC_INTOSC_XT_1H                000000FA
_FOSC_XTPLL_XT_1H                 000000F2
_FOSC_XT_XT_1H                    000000F0
_ICPRT_OFF_4L                     000000DF
_ICPRT_ON_4L                      000000FF
_IDLOC0                           00200000
_IDLOC1                           00200001
_IDLOC2                           00200002
_IDLOC3                           00200003
_IDLOC4                           00200004
_IDLOC5                           00200005
_IDLOC6                           00200006
_IDLOC7                           00200007
_IESO_OFF_1H                      0000007F
_IESO_ON_1H                       000000FF
_LPT1OSC_OFF_3H                   000000FB
_LPT1OSC_ON_3H                    000000FF
_LVP_OFF_4L                       000000FB
_LVP_ON_4L                        000000FF
_MCLRE_OFF_3H                     0000007F
_MCLRE_ON_3H                      000000FF
_PBADEN_OFF_3H                    000000FD
_PBADEN_ON_3H                     000000FF
_PLLDIV_10_1L                     000000FE
_PLLDIV_12_1L                     000000FF
_PLLDIV_1_1L                      000000F8
_PLLDIV_2_1L                      000000F9
_PLLDIV_3_1L                      000000FA
_PLLDIV_4_1L                      000000FB
_PLLDIV_5_1L                      000000FC
_PLLDIV_6_1L                      000000FD
_PWRT_OFF_2L                      000000FF
_PWRT_ON_2L                       000000FE
_STVREN_OFF_4L                    000000FE
_STVREN_ON_4L                     000000FF
_USBDIV_1_1L                      000000DF
_USBDIV_2_1L                      000000FF
_VREGEN_OFF_2L                    000000DF
_VREGEN_ON_2L                     000000FF
_WDTPS_1024_2H                    000000F5
_WDTPS_128_2H                     000000EF
MPASM  5.51             TRIALERRORPROJECT.ASM   11-27-2020  22:56:33         PAGE 35


SYMBOL TABLE
  LABEL                             VALUE 

_WDTPS_16384_2H                   000000FD
_WDTPS_16_2H                      000000E9
_WDTPS_1_2H                       000000E1
_WDTPS_2048_2H                    000000F7
_WDTPS_256_2H                     000000F1
_WDTPS_2_2H                       000000E3
_WDTPS_32768_2H                   000000FF
_WDTPS_32_2H                      000000EB
_WDTPS_4096_2H                    000000F9
_WDTPS_4_2H                       000000E5
_WDTPS_512_2H                     000000F3
_WDTPS_64_2H                      000000ED
_WDTPS_8192_2H                    000000FB
_WDTPS_8_2H                       000000E7
_WDT_OFF_2H                       000000FE
_WDT_ON_2H                        000000FF
_WRT0_OFF_6L                      000000FF
_WRT0_ON_6L                       000000FE
_WRT1_OFF_6L                      000000FF
_WRT1_ON_6L                       000000FD
_WRT2_OFF_6L                      000000FF
_WRT2_ON_6L                       000000FB
_WRT3_OFF_6L                      000000FF
_WRT3_ON_6L                       000000F7
_WRTB_OFF_6H                      000000FF
_WRTB_ON_6H                       000000BF
_WRTC_OFF_6H                      000000FF
_WRTC_ON_6H                       000000DF
_WRTD_OFF_6H                      000000FF
_WRTD_ON_6H                       0000007F
_XINST_OFF_4L                     000000BF
_XINST_ON_4L                      000000FF
__18F4550                         00000001
__DEBUG                           1
dup_nop                           
i                                 000000F7
loop_cnt1                         00000000
loop_cnt2                         00000001
start                             0000001A


MEMORY USAGE MAP ('X' = Used,  '-' = Unused)

0000 : XXXX----XX------ --------XXXXXXXX XXXXXXXXXXXXXXXX XXXXXXXXXXXXXXXX
0040 : XXXXXXXXXXXXXXXX XXXXXXXXXXXXXXXX XXXXXXXXXXXXXXXX XXXXXXXXXXXXXXXX
0080 : XXXXXXXXXXXXXXXX XXXXXXXXXXXXXXXX XXXXXXXXXXXXXXXX XXXXXXXXXXXXXXXX
MPASM  5.51             TRIALERRORPROJECT.ASM   11-27-2020  22:56:33         PAGE 36


MEMORY USAGE MAP ('X' = Used,  '-' = Unused)


00C0 : XXXXXXXXXXXXXXXX XXXXXXXXXXXXXXXX XXXXXXXXXXXXXXXX XXXXXXXXXXXXXXXX
0100 : XXXXXXXXXXXXXXXX XXXXXXXXXXXXXXXX XXXXXXXXXXXXXXXX XXXXXXXXXXXXXXXX
0140 : XXXXXXXXXXXXXXXX XXXXXXXXXXXXXXXX XXXXXXXXXXXXXXXX XXXXXXXXXXXXXXXX
0180 : XXXXXXXXXXXXXXXX XXXXXXXXXXXXXXXX XXXXXXXXXXXXXXXX XXXXXXXXXXXXXXXX
01C0 : XXXXXXXXXXXXXXXX XXXXXXXXXXXXXXXX XXXXXXXXXXXXXXXX XXXXXXXXXXXXXXXX
0200 : XXXXXXXXXXXXXXXX XXXXXXXXXXXXXXXX XXXXXXXXXXXXXXXX XXXXXXXXXXXXXXXX
0240 : XXXXXXXXXXXXXXXX XXXXXXXXXXXXXXXX XXXXXXXXXXXXXXXX XXXXXXXXXXXXXXXX
0280 : XXXXXXXXXXXXXXXX XXXXXXXXXXXXXXXX XXXXXXXXXXXXXXXX XXXXXXXXXXXXXXXX
02C0 : XXXXXXXXXXXXXXXX XXXXXXXXXXXXXXXX XXXXXXXXXXXXXXXX XXXXXXXXXXXXXXXX
0300 : XXXXXXXXXXXXXXXX XXXXXXXXXXXXXXXX XXXXXXXXXXXXXXXX XXXXXXXXXXXXXXXX
0340 : XXXXXXXXXXXXXXXX XXXXXXXXXXXXXXXX XXXXXXXXXXXXXXXX XXXXXXXXXXXXXXXX
0380 : XXXXXXXXXXXXXXXX XXXXXXXXXXXXXXXX XXXXXXXXXXXXXXXX XXXXXXXXXXXXXXXX
03C0 : XXXXXXXXXXXXXXXX XXXXXXXXXXXXXXXX XXXXXXXXXXXXXXXX XXXXXXXXXXXXXXXX
0400 : XXXXXXXXXXXXXXXX XXXXXXXXXXXXXXXX XXXXXXXXXXXXXXXX XXXXXXXXXXXXXXXX
0440 : XXXXXXXXXXXXXXXX XXXXXXXXXXXXXXXX XXXXXXXXXXXXXXXX XXXXXXXXXXXXXXXX
0480 : XXXXXXXXXXXXXXXX XXXXXXXXXXXXXXXX XXXXXXXXXXXXXXXX XXXX------------

All other memory blocks unused.

Program Memory Bytes Used:  1186
Program Memory Bytes Free: 31582


Errors   :     0
Warnings :     0 reported,     0 suppressed
Messages :     0 reported,     0 suppressed

